This is TeX, Version 3.141592653 (TeX Live 2025/Debian) (preloaded format=tex 2026.2.28)  2 MAR 2026 00:09
**Lab01_Ayyan_DS2024001.tex
(./Lab01_Ayyan_DS2024001.tex
! Undefined control sequence.
l.1 \documentclass
                  [12pt]{article}
? c
Type <return> to proceed, S to scroll future error messages,
R to run without stopping, Q to run quietly,
I to insert something, E to edit your file,
1 or ... or 9 to ignore the next 1 to 9 tokens of input,
H for help, X to quit.
? c
Type <return> to proceed, S to scroll future error messages,
R to run without stopping, Q to run quietly,
I to insert something, E to edit your file,
1 or ... or 9 to ignore the next 1 to 9 tokens of input,
H for help, X to quit.
? exit
No pages of output.
